#
# There is insufficient memory for the Java Runtime Environment to continue.
# Native memory allocation (malloc) failed to allocate 1048576 bytes for AllocateHeap
# Possible reasons:
#   The system is out of physical RAM or swap space
#   In 32 bit mode, the process size limit was hit
# Possible solutions:
#   Reduce memory load on the system
#   Increase physical memory or swap space
#   Check if swap backing store is full
#   Use 64 bit Java on a 64 bit OS
#   Decrease Java heap size (-Xmx/-Xms)
#   Decrease number of Java threads
#   Decrease Java thread stack sizes (-Xss)
#   Set larger code cache with -XX:ReservedCodeCacheSize=
# This output file may be truncated or incomplete.
#
#  Out of Memory Error (memory/allocation.inline.hpp:61), pid=8996, tid=0x0000000000002214
#
# JRE version:  (8.0_131-b11) (build )
# Java VM: Java HotSpot(TM) 64-Bit Server VM (25.131-b11 mixed mode windows-amd64 compressed oops)
# Failed to write core dump. Minidumps are not enabled by default on client versions of Windows
#

---------------  T H R E A D  ---------------

Current thread (0x0000000002a42800):  JavaThread "Unknown thread" [_thread_in_vm, id=8724, stack(0x0000000002840000,0x0000000002940000)]

Stack: [0x0000000002840000,0x0000000002940000]
[error occurred during error reporting (printing stack bounds), id 0xc0000005]

Native frames: (J=compiled Java code, j=interpreted, Vv=VM code, C=native code)


---------------  P R O C E S S  ---------------

Java Threads: ( => current thread )

Other Threads:

=>0x0000000002a42800 (exited) JavaThread "Unknown thread" [_thread_in_vm, id=8724, stack(0x0000000002840000,0x0000000002940000)]

VM state:not at safepoint (normal execution)

VM Mutex/Monitor currently owned by a thread: None

Heap:
 PSYoungGen      total 32256K, used 552K [0x00000000dc780000, 0x00000000deb80000, 0x0000000100000000)
  eden space 27648K, 2% used [0x00000000dc780000,0x00000000dc80a3e0,0x00000000de280000)
  from space 4608K, 0% used [0x00000000de700000,0x00000000de700000,0x00000000deb80000)
  to   space 4608K, 0% used [0x00000000de280000,0x00000000de280000,0x00000000de700000)
 ParOldGen       total 73728K, used 0K [0x0000000095600000, 0x0000000099e00000, 0x00000000dc780000)
  object space 73728K, 0% used [0x0000000095600000,0x0000000095600000,0x0000000099e00000)
 Metaspace       used 770K, capacity 4480K, committed 4480K, reserved 1056768K
  class space    used 75K, capacity 384K, committed 384K, reserved 1048576K

Card table byte_map: [0x0000000011f00000,0x0000000012260000] byte_map_base: 0x0000000011a55000

Marking Bits: (ParMarkBitMap*) 0x0000000066cbc720
 Begin Bits: [0x00000000128a0000, 0x0000000014348000)
 End Bits:   [0x0000000014348000, 0x0000000015df0000)

Polling page: 0x0000000002430000

CodeCache: size=245760Kb used=328Kb max_used=328Kb free=245431Kb
 bounds [0x0000000002b40000, 0x0000000002db0000, 0x0000000011b40000]
 total_blobs=58 nmethods=0 adapters=38
 compilation: enabled

Compilation events (0 events):
No events

GC Heap History (0 events):
No events

Deoptimization events (0 events):
No events

Internal exceptions (0 events):
No events

Events (10 events):
Event: 0.062 loading class java/lang/Short
Event: 0.062 loading class java/lang/Short done
Event: 0.062 loading class java/lang/Integer
Event: 0.062 loading class java/lang/Integer done
Event: 0.062 loading class java/lang/Long
Event: 0.062 loading class java/lang/Long done
Event: 0.063 loading class java/lang/NullPointerException
Event: 0.063 loading class java/lang/NullPointerException done
Event: 0.063 loading class java/lang/ArithmeticException
Event: 0.063 loading class java/lang/ArithmeticException done


Dynamic libraries:
0x00007ff780e40000 - 0x00007ff780e77000 	F:\Program Files\Java\jdk1.8.0_131\bin\java.exe
0x00007ffdf1630000 - 0x00007ffdf17d9000 	C:\Windows\SYSTEM32\ntdll.dll
0x00007ffdf1050000 - 0x00007ffdf1189000 	C:\Windows\system32\KERNEL32.DLL
0x00007ffdeea10000 - 0x00007ffdeeb1e000 	C:\Windows\system32\KERNELBASE.dll
0x00007ffdef140000 - 0x00007ffdef1e5000 	C:\Windows\system32\ADVAPI32.dll
0x00007ffdf14b0000 - 0x00007ffdf1621000 	C:\Windows\system32\USER32.dll
0x00007ffdec700000 - 0x00007ffdec95a000 	C:\Windows\WinSxS\amd64_microsoft.windows.common-controls_6595b64144ccf1df_6.0.9600.16384_none_62475f7becb72503\COMCTL32.dll
0x00007ffdef770000 - 0x00007ffdef817000 	C:\Windows\system32\msvcrt.dll
0x00007ffdef3b0000 - 0x00007ffdef407000 	C:\Windows\SYSTEM32\sechost.dll
0x00007ffdf1190000 - 0x00007ffdf12c6000 	C:\Windows\system32\RPCRT4.dll
0x00007ffdef260000 - 0x00007ffdef3a5000 	C:\Windows\system32\GDI32.dll
0x00007ffdf1410000 - 0x00007ffdf1444000 	C:\Windows\system32\IMM32.DLL
0x00007ffdf12d0000 - 0x00007ffdf1409000 	C:\Windows\system32\MSCTF.dll
0x00007ffdee540000 - 0x00007ffdee5c2000 	D:\360极速浏览器下载\解除时间限制\破解包\rac\amd64\timehook.dll
0x00007ffdf0fd0000 - 0x00007ffdf1021000 	C:\Windows\system32\SHLWAPI.dll
0x00007ffdef930000 - 0x00007ffdefb07000 	C:\Windows\SYSTEM32\combase.dll
0x0000000069640000 - 0x0000000069712000 	F:\Program Files\Java\jdk1.8.0_131\jre\bin\msvcr100.dll
0x00000000664a0000 - 0x0000000066d3c000 	F:\Program Files\Java\jdk1.8.0_131\jre\bin\server\jvm.dll
0x00007ffde9dd0000 - 0x00007ffde9dd9000 	C:\Windows\SYSTEM32\WSOCK32.dll
0x00007ffdee710000 - 0x00007ffdee72f000 	C:\Windows\system32\WINMM.dll
0x00007ffde4e10000 - 0x00007ffde4e1a000 	C:\Windows\SYSTEM32\VERSION.dll
0x00007ffdf1030000 - 0x00007ffdf1037000 	C:\Windows\system32\PSAPI.DLL
0x00007ffdf1450000 - 0x00007ffdf14a8000 	C:\Windows\system32\WS2_32.dll
0x00007ffdee6e0000 - 0x00007ffdee70a000 	C:\Windows\system32\WINMMBASE.dll
0x00007ffdf0f20000 - 0x00007ffdf0f29000 	C:\Windows\system32\NSI.dll
0x00007ffdeeb70000 - 0x00007ffdeebba000 	C:\Windows\SYSTEM32\cfgmgr32.dll
0x00007ffdee690000 - 0x00007ffdee6b6000 	C:\Windows\system32\DEVOBJ.dll
0x0000000069630000 - 0x000000006963f000 	F:\Program Files\Java\jdk1.8.0_131\jre\bin\verify.dll
0x0000000069600000 - 0x0000000069629000 	F:\Program Files\Java\jdk1.8.0_131\jre\bin\java.dll
0x0000000066470000 - 0x0000000066493000 	F:\Program Files\Java\jdk1.8.0_131\jre\bin\instrument.dll
0x00000000695e0000 - 0x00000000695f6000 	F:\Program Files\Java\jdk1.8.0_131\jre\bin\zip.dll

VM Arguments:
jvm_args: -javaagent:F:\Program Files\JetBrains\IntelliJ IDEA 2018.1.2\lib\idea_rt.jar=53341:F:\Program Files\JetBrains\IntelliJ IDEA 2018.1.2\bin -Dfile.encoding=UTF-8 
java_command: com.java.sar.mains.Md5
java_class_path (initial): F:\Program Files\Java\jdk1.8.0_131\jre\lib\charsets.jar;F:\Program Files\Java\jdk1.8.0_131\jre\lib\deploy.jar;F:\Program Files\Java\jdk1.8.0_131\jre\lib\ext\access-bridge-64.jar;F:\Program Files\Java\jdk1.8.0_131\jre\lib\ext\cldrdata.jar;F:\Program Files\Java\jdk1.8.0_131\jre\lib\ext\dnsns.jar;F:\Program Files\Java\jdk1.8.0_131\jre\lib\ext\jaccess.jar;F:\Program Files\Java\jdk1.8.0_131\jre\lib\ext\jfxrt.jar;F:\Program Files\Java\jdk1.8.0_131\jre\lib\ext\localedata.jar;F:\Program Files\Java\jdk1.8.0_131\jre\lib\ext\nashorn.jar;F:\Program Files\Java\jdk1.8.0_131\jre\lib\ext\sunec.jar;F:\Program Files\Java\jdk1.8.0_131\jre\lib\ext\sunjce_provider.jar;F:\Program Files\Java\jdk1.8.0_131\jre\lib\ext\sunmscapi.jar;F:\Program Files\Java\jdk1.8.0_131\jre\lib\ext\sunpkcs11.jar;F:\Program Files\Java\jdk1.8.0_131\jre\lib\ext\zipfs.jar;F:\Program Files\Java\jdk1.8.0_131\jre\lib\javaws.jar;F:\Program Files\Java\jdk1.8.0_131\jre\lib\jce.jar;F:\Program Files\Java\jdk1.8.0_131\jre\lib\jfr.jar;F:\Program Files\Java\jdk1.8.0_131\jre\lib\jfxswt.jar;F:\Program Files\Java\jdk1.8.0_131\jre\lib\jsse.jar;F:\Program Files\Java\jdk1.8.0_131\jre\lib\management-agent.jar;F:\Program Files\Java\jdk1.8.0_131\jre\lib\plugin.jar;F:\Program Files\Java\jdk1.8.0_131\jre\lib\resources.jar;F:\Program Files\Java\jdk1.8.0_131\jre\lib\rt.jar;E:\newweb\untitled\out\production\untitled;E:\maven3.5ku\com\alibaba\fastjson\1.2.7\fastjson-1.2.7.jar;F:\Program Files\JetBrains\IntelliJ IDEA 2018.1.2\lib\idea_rt.jar
Launcher Type: SUN_STANDARD

Environment Variables:
JAVA_HOME=F:\Program Files\Java\jdk1.8.0_131
CLASSPATH=.;%JAVA_HOME%\lib;%JAVA_HOME%\lib\tools.jar
PATH=C:\Program Files (x86)\NVIDIA Corporation\PhysX\Common;%JAVA_HOME%\bin;%JAVA_HOME%\jre\bin;C:\Windows\system32;C:\Windows;C:\Windows\System32\Wbem;F:\mysql\bin;f:\yongyou\admin;F:\Program Files (x86)\Microsoft SQL Server\100\Tools\Binn\;F:\Program Files\Microsoft SQL Server\100\Tools\Binn\;F:\Program Files\Microsoft SQL Server\100\DTS\Binn\;F:\Program Files (x86)\Microsoft SQL Server\100\Tools\Binn\VSShell\Common7\IDE\;C:\Program Files (x86)\Microsoft Visual Studio 9.0\Common7\IDE\PrivateAssemblies\;F:\Program Files (x86)\Microsoft SQL Server\100\DTS\Binn\;F:\Program Files\WIDCOMM\Bluetooth Software\;F:\Program Files\WIDCOMM\Bluetooth Software\syswow64;F:\Program Files\TortoiseSVN\bin;F:\Program Files\RabbitMQ Server\rabbitmq_server-3.7.4;F:\Program Files\erl9.3;F:\Program Files\Java\jdk1.8.0_131\bin;C:\Users\Administrator\Desktop\SZOA2012Questionnaire\SZOA\jre16sw\bin;D:\SZOA\jre16sw\bin;C:\Users\Administrator\AppData\Local\GitHubDesktop\bin
USERNAME=Administrator
OS=Windows_NT
PROCESSOR_IDENTIFIER=Intel64 Family 6 Model 69 Stepping 1, GenuineIntel



---------------  S Y S T E M  ---------------

OS: Windows 8.1 , 64 bit Build 9600 (6.3.9600.16656)

CPU:total 4 (initial active 4) (2 cores per cpu, 2 threads per core) family 6 model 69 stepping 1, cmov, cx8, fxsr, mmx, sse, sse2, sse3, ssse3, sse4.1, sse4.2, popcnt, avx, avx2, aes, clmul, erms, lzcnt, ht, tsc, tscinvbit, bmi1, bmi2

Memory: 4k page, physical 6981996k(1723612k free), swap 6981996k(6084k free)

vm_info: Java HotSpot(TM) 64-Bit Server VM (25.131-b11) for windows-amd64 JRE (1.8.0_131-b11), built on Mar 15 2017 01:23:53 by "java_re" with MS VC++ 10.0 (VS2010)

time: Wed May 16 13:51:42 2018
elapsed time: 0 seconds (0d 0h 0m 0s)

