#
# There is insufficient memory for the Java Runtime Environment to continue.
# Native memory allocation (malloc) failed to allocate 1048576 bytes for AllocateHeap
# Possible reasons:
#   The system is out of physical RAM or swap space
#   In 32 bit mode, the process size limit was hit
# Possible solutions:
#   Reduce memory load on the system
#   Increase physical memory or swap space
#   Check if swap backing store is full
#   Use 64 bit Java on a 64 bit OS
#   Decrease Java heap size (-Xmx/-Xms)
#   Decrease number of Java threads
#   Decrease Java thread stack sizes (-Xss)
#   Set larger code cache with -XX:ReservedCodeCacheSize=
# This output file may be truncated or incomplete.
#
#  Out of Memory Error (memory/allocation.inline.hpp:61), pid=4764, tid=0x0000000000001f64
#
# JRE version:  (8.0_131-b11) (build )
# Java VM: Java HotSpot(TM) 64-Bit Server VM (25.131-b11 mixed mode windows-amd64 compressed oops)
# Failed to write core dump. Minidumps are not enabled by default on client versions of Windows
#

---------------  T H R E A D  ---------------

Current thread (0x0000000002c4e800):  JavaThread "Unknown thread" [_thread_in_vm, id=8036, stack(0x0000000002c50000,0x0000000002d50000)]

Stack: [0x0000000002c50000,0x0000000002d50000]
[error occurred during error reporting (printing stack bounds), id 0xc0000005]

Native frames: (J=compiled Java code, j=interpreted, Vv=VM code, C=native code)


---------------  P R O C E S S  ---------------

Java Threads: ( => current thread )

Other Threads:

=>0x0000000002c4e800 (exited) JavaThread "Unknown thread" [_thread_in_vm, id=8036, stack(0x0000000002c50000,0x0000000002d50000)]

VM state:not at safepoint (normal execution)

VM Mutex/Monitor currently owned by a thread: None

Heap:
 PSYoungGen      total 32256K, used 552K [0x00000000dc780000, 0x00000000deb80000, 0x0000000100000000)
  eden space 27648K, 2% used [0x00000000dc780000,0x00000000dc80a3e0,0x00000000de280000)
  from space 4608K, 0% used [0x00000000de700000,0x00000000de700000,0x00000000deb80000)
  to   space 4608K, 0% used [0x00000000de280000,0x00000000de280000,0x00000000de700000)
 ParOldGen       total 73728K, used 0K [0x0000000095600000, 0x0000000099e00000, 0x00000000dc780000)
  object space 73728K, 0% used [0x0000000095600000,0x0000000095600000,0x0000000099e00000)
 Metaspace       used 781K, capacity 4480K, committed 4480K, reserved 1056768K
  class space    used 75K, capacity 384K, committed 384K, reserved 1048576K

Card table byte_map: [0x0000000012410000,0x0000000012770000] byte_map_base: 0x0000000011f65000

Marking Bits: (ParMarkBitMap*) 0x00000000598cc720
 Begin Bits: [0x0000000012db0000, 0x0000000014858000)
 End Bits:   [0x0000000014858000, 0x0000000016300000)

Polling page: 0x0000000000f70000

CodeCache: size=245760Kb used=328Kb max_used=328Kb free=245431Kb
 bounds [0x0000000003050000, 0x00000000032c0000, 0x0000000012050000]
 total_blobs=58 nmethods=0 adapters=38
 compilation: enabled

Compilation events (0 events):
No events

GC Heap History (0 events):
No events

Deoptimization events (0 events):
No events

Internal exceptions (0 events):
No events

Events (10 events):
Event: 0.278 loading class java/lang/Short
Event: 0.278 loading class java/lang/Short done
Event: 0.278 loading class java/lang/Integer
Event: 0.278 loading class java/lang/Integer done
Event: 0.279 loading class java/lang/Long
Event: 0.279 loading class java/lang/Long done
Event: 0.280 loading class java/lang/NullPointerException
Event: 0.280 loading class java/lang/NullPointerException done
Event: 0.280 loading class java/lang/ArithmeticException
Event: 0.280 loading class java/lang/ArithmeticException done


Dynamic libraries:
0x00007ff6215f0000 - 0x00007ff621627000 	F:\Program Files\Java\jdk1.8.0_131\bin\java.exe
0x00007ff9a0020000 - 0x00007ff9a01c9000 	C:\Windows\SYSTEM32\ntdll.dll
0x00007ff99f8f0000 - 0x00007ff99fa29000 	C:\Windows\system32\KERNEL32.DLL
0x00007ff99d4b0000 - 0x00007ff99d5be000 	C:\Windows\system32\KERNELBASE.dll
0x00007ff99ec90000 - 0x00007ff99ed35000 	C:\Windows\system32\ADVAPI32.dll
0x00007ff99fd60000 - 0x00007ff99fed1000 	C:\Windows\system32\USER32.dll
0x00007ff99b100000 - 0x00007ff99b35a000 	C:\Windows\WinSxS\amd64_microsoft.windows.common-controls_6595b64144ccf1df_6.0.9600.16384_none_62475f7becb72503\COMCTL32.dll
0x00007ff99eb80000 - 0x00007ff99ec27000 	C:\Windows\system32\msvcrt.dll
0x00007ff99f650000 - 0x00007ff99f6a7000 	C:\Windows\SYSTEM32\sechost.dll
0x00007ff99fee0000 - 0x00007ff9a0016000 	C:\Windows\system32\RPCRT4.dll
0x00007ff99efc0000 - 0x00007ff99f105000 	C:\Windows\system32\GDI32.dll
0x00007ff99fc20000 - 0x00007ff99fc54000 	C:\Windows\system32\IMM32.DLL
0x00007ff99ea30000 - 0x00007ff99eb69000 	C:\Windows\system32\MSCTF.dll
0x00007ff99cf30000 - 0x00007ff99cfb2000 	D:\360极速浏览器下载\解除时间限制\破解包\rac\amd64\timehook.dll
0x00007ff99ec30000 - 0x00007ff99ec81000 	C:\Windows\system32\SHLWAPI.dll
0x00007ff99ede0000 - 0x00007ff99efb7000 	C:\Windows\SYSTEM32\combase.dll
0x000000005bfe0000 - 0x000000005c0b2000 	F:\Program Files\Java\jdk1.8.0_131\jre\bin\msvcr100.dll
0x00000000590b0000 - 0x000000005994c000 	F:\Program Files\Java\jdk1.8.0_131\jre\bin\server\jvm.dll
0x00007ff99ae60000 - 0x00007ff99ae69000 	C:\Windows\SYSTEM32\WSOCK32.dll
0x00007ff99d100000 - 0x00007ff99d11f000 	C:\Windows\system32\WINMM.dll
0x00007ff9937e0000 - 0x00007ff9937ea000 	C:\Windows\SYSTEM32\VERSION.dll
0x00007ff99fa30000 - 0x00007ff99fa37000 	C:\Windows\system32\PSAPI.DLL
0x00007ff99f260000 - 0x00007ff99f2b8000 	C:\Windows\system32\WS2_32.dll
0x00007ff99d0b0000 - 0x00007ff99d0da000 	C:\Windows\system32\WINMMBASE.dll
0x00007ff99f2c0000 - 0x00007ff99f2c9000 	C:\Windows\system32\NSI.dll
0x00007ff99d450000 - 0x00007ff99d49a000 	C:\Windows\SYSTEM32\cfgmgr32.dll
0x00007ff99d080000 - 0x00007ff99d0a6000 	C:\Windows\system32\DEVOBJ.dll
0x000000005c3b0000 - 0x000000005c3bf000 	F:\Program Files\Java\jdk1.8.0_131\jre\bin\verify.dll
0x000000005bfb0000 - 0x000000005bfd9000 	F:\Program Files\Java\jdk1.8.0_131\jre\bin\java.dll
0x000000005bf50000 - 0x000000005bf85000 	F:\Program Files\Java\jdk1.8.0_131\jre\bin\jdwp.dll
0x000000005c3a0000 - 0x000000005c3a8000 	F:\Program Files\Java\jdk1.8.0_131\jre\bin\npt.dll
0x000000005bf20000 - 0x000000005bf43000 	F:\Program Files\Java\jdk1.8.0_131\jre\bin\instrument.dll
0x000000005bf90000 - 0x000000005bfa6000 	F:\Program Files\Java\jdk1.8.0_131\jre\bin\zip.dll

VM Arguments:
jvm_args: -agentlib:jdwp=transport=dt_socket,address=127.0.0.1:55036,suspend=y,server=n -javaagent:C:\Users\Administrator\.IntelliJIdea2018.1\system\captureAgent\debugger-agent.jar=file:/C:/Users/Administrator/AppData/Local/Temp/capture3065.props -Dfile.encoding=UTF-8 
java_command: com.java.sar.mains.File
java_class_path (initial): F:\Program Files\Java\jdk1.8.0_131\jre\lib\charsets.jar;F:\Program Files\Java\jdk1.8.0_131\jre\lib\deploy.jar;F:\Program Files\Java\jdk1.8.0_131\jre\lib\ext\access-bridge-64.jar;F:\Program Files\Java\jdk1.8.0_131\jre\lib\ext\cldrdata.jar;F:\Program Files\Java\jdk1.8.0_131\jre\lib\ext\dnsns.jar;F:\Program Files\Java\jdk1.8.0_131\jre\lib\ext\jaccess.jar;F:\Program Files\Java\jdk1.8.0_131\jre\lib\ext\jfxrt.jar;F:\Program Files\Java\jdk1.8.0_131\jre\lib\ext\localedata.jar;F:\Program Files\Java\jdk1.8.0_131\jre\lib\ext\nashorn.jar;F:\Program Files\Java\jdk1.8.0_131\jre\lib\ext\sunec.jar;F:\Program Files\Java\jdk1.8.0_131\jre\lib\ext\sunjce_provider.jar;F:\Program Files\Java\jdk1.8.0_131\jre\lib\ext\sunmscapi.jar;F:\Program Files\Java\jdk1.8.0_131\jre\lib\ext\sunpkcs11.jar;F:\Program Files\Java\jdk1.8.0_131\jre\lib\ext\zipfs.jar;F:\Program Files\Java\jdk1.8.0_131\jre\lib\javaws.jar;F:\Program Files\Java\jdk1.8.0_131\jre\lib\jce.jar;F:\Program Files\Java\jdk1.8.0_131\jre\lib\jfr.jar;F:\Program Files\Java\jdk1.8.0_131\jre\lib\jfxswt.jar;F:\Program Files\Java\jdk1.8.0_131\jre\lib\jsse.jar;F:\Program Files\Java\jdk1.8.0_131\jre\lib\management-agent.jar;F:\Program Files\Java\jdk1.8.0_131\jre\lib\plugin.jar;F:\Program Files\Java\jdk1.8.0_131\jre\lib\resources.jar;F:\Program Files\Java\jdk1.8.0_131\jre\lib\rt.jar;E:\newweb\untitled\out\production\untitled;E:\maven3.5ku\com\alibaba\fastjson\1.2.7\fastjson-1.2.7.jar;E:\maven3.5ku\commons-codec\commons-codec\1.11\commons-codec-1.11.jar;E:\maven3.5ku\commons-codec\commons-codec\1.10\commons-codec-1.10.jar;F:\Program Files\JetBrains\IntelliJ IDEA 2018.1.2\lib\idea_rt.jar;C:\Users\Administrator\.IntelliJIdea2018.1\system\captureAgent\debugger-agent.jar
Launcher Type: SUN_STANDARD

Environment Variables:
JAVA_HOME=F:\Program Files\Java\jdk1.8.0_131
CLASSPATH=.;%JAVA_HOME%\lib;%JAVA_HOME%\lib\tools.jar
PATH=C:\Program Files (x86)\NVIDIA Corporation\PhysX\Common;%JAVA_HOME%\bin;%JAVA_HOME%\jre\bin;C:\Windows\system32;C:\Windows;C:\Windows\System32\Wbem;F:\mysql\bin;f:\yongyou\admin;F:\Program Files (x86)\Microsoft SQL Server\100\Tools\Binn\;F:\Program Files\Microsoft SQL Server\100\Tools\Binn\;F:\Program Files\Microsoft SQL Server\100\DTS\Binn\;F:\Program Files (x86)\Microsoft SQL Server\100\Tools\Binn\VSShell\Common7\IDE\;C:\Program Files (x86)\Microsoft Visual Studio 9.0\Common7\IDE\PrivateAssemblies\;F:\Program Files (x86)\Microsoft SQL Server\100\DTS\Binn\;F:\Program Files\WIDCOMM\Bluetooth Software\;F:\Program Files\WIDCOMM\Bluetooth Software\syswow64;F:\Program Files\RabbitMQ Server\rabbitmq_server-3.7.4;F:\Program Files\erl9.3;F:\Program Files\TortoiseSVN\bin;F:\Program Files\Java\jdk1.8.0_131\bin;C:\Users\Administrator\Desktop\SZOA2012Questionnaire\SZOA\jre16sw\bin;D:\SZOA\jre16sw\bin;C:\Users\Administrator\AppData\Local\GitHubDesktop\bin
USERNAME=Administrator
OS=Windows_NT
PROCESSOR_IDENTIFIER=Intel64 Family 6 Model 69 Stepping 1, GenuineIntel



---------------  S Y S T E M  ---------------

OS: Windows 8.1 , 64 bit Build 9600 (6.3.9600.16656)

CPU:total 4 (initial active 4) (2 cores per cpu, 2 threads per core) family 6 model 69 stepping 1, cmov, cx8, fxsr, mmx, sse, sse2, sse3, ssse3, sse4.1, sse4.2, popcnt, avx, avx2, aes, clmul, erms, lzcnt, ht, tsc, tscinvbit, bmi1, bmi2

Memory: 4k page, physical 6981996k(2159100k free), swap 6981996k(5544k free)

vm_info: Java HotSpot(TM) 64-Bit Server VM (25.131-b11) for windows-amd64 JRE (1.8.0_131-b11), built on Mar 15 2017 01:23:53 by "java_re" with MS VC++ 10.0 (VS2010)

time: Thu May 24 15:03:39 2018
elapsed time: 0 seconds (0d 0h 0m 0s)

